<?xml version="1.0" encoding="UTF-8"?>
<!-- Generated by org.testng.reporters.JUnitXMLReporter -->
<testsuite ignored="0" hostname="LAPTOP-EEAS1CV9" failures="0" tests="10" name="Test3" time="60.345" errors="0" timestamp="26 Oct 2024 09:15:45 GMT">
  <testcase classname="testScripts.InValidLoginTest" name="invalidLogin" time="2.867"/>
  <testcase classname="testScripts.InValidLoginTest" name="invalidLogin" time="6.227"/>
  <testcase classname="testScripts.InValidLoginTest" name="invalidLogin" time="3.518"/>
  <testcase classname="testScripts.InValidLoginTest" name="invalidLogin" time="2.463"/>
  <testcase classname="testScripts.InValidLoginTest" name="invalidLogin" time="3.357"/>
  <testcase classname="testScripts.InValidLoginTest" name="invalidLogin" time="5.458"/>
  <testcase classname="testScripts.InValidLoginTest" name="invalidLogin" time="1.904"/>
  <testcase classname="testScripts.InValidLoginTest" name="invalidLogin" time="1.974"/>
  <testcase classname="testScripts.InValidLoginTest" name="invalidLogin" time="4.915"/>
  <testcase classname="testScripts.InValidLoginTest" name="invalidLogin" time="3.55"/>
</testsuite> <!-- Test3 -->
