<?xml version="1.0" encoding="UTF-8"?>
<!-- Generated by org.testng.reporters.JUnitReportReporter -->
<testsuite hostname="LAPTOP-EEAS1CV9" failures="0" tests="10" name="testScripts.InValidLoginTest" time="13.830" errors="0" timestamp="26 Oct 2024 09:54:23 GMT" skipped="0">
  <testcase classname="testScripts.InValidLoginTest" name="invalidLogin" time="1.603"/>
  <testcase classname="testScripts.InValidLoginTest" name="invalidLogin" time="0.915"/>
  <testcase classname="testScripts.InValidLoginTest" name="invalidLogin" time="2.055"/>
  <testcase classname="testScripts.InValidLoginTest" name="invalidLogin" time="2.276"/>
  <testcase classname="testScripts.InValidLoginTest" name="invalidLogin" time="0.799"/>
  <testcase classname="testScripts.InValidLoginTest" name="invalidLogin" time="1.452"/>
  <testcase classname="testScripts.InValidLoginTest" name="invalidLogin" time="2.033"/>
  <testcase classname="testScripts.InValidLoginTest" name="invalidLogin" time="0.935"/>
  <testcase classname="testScripts.InValidLoginTest" name="invalidLogin" time="0.942"/>
  <testcase classname="testScripts.InValidLoginTest" name="invalidLogin" time="0.820"/>
</testsuite> <!-- testScripts.InValidLoginTest -->
